warning: struct `DecodedPublicKey` is never constructed
 --> src/encoding/public_key.rs:7:12
  |
7 | pub struct DecodedPublicKey {
  |            ^^^^^^^^^^^^^^^^
  |
  = note: `#[warn(dead_code)]` (part of `#[warn(unused)]`) on by default

warning: function `decode` is never used
  --> src/encoding/public_key.rs:31:8
   |
31 | pub fn decode(bytes: &[u8]) -> Result<DecodedPublicKey> {
   |        ^^^^^^

warning: function `decode` is never used
  --> src/encoding/ring12289.rs:37:8
   |
37 | pub fn decode(data: &[u8], logn: u32) -> Result<Box<[u16]>> {
   |        ^^^^^^

warning: function `decode` is never used
  --> src/encoding/ring18433.rs:40:8
   |
40 | pub fn decode(data: &[u8], logn: u32) -> Result<Box<[u16]>> {
   |        ^^^^^^

warning: struct `DecodedSignature` is never constructed
 --> src/encoding/signature.rs:8:12
  |
8 | pub struct DecodedSignature {
  |            ^^^^^^^^^^^^^^^^

warning: function `decode` is never used
  --> src/encoding/signature.rs:34:8
   |
34 | pub fn decode(bytes: &[u8]) -> Result<DecodedSignature> {
   |        ^^^^^^

warning: function `encoded_len_none` is never used
  --> src/encoding/smallvec.rs:23:8
   |
23 | pub fn encoded_len_none(q: u32, logn: u32) -> Result<usize> {
   |        ^^^^^^^^^^^^^^^^

warning: function `hash_to_point_binary` is never used
 --> src/falcon/hash_to_point.rs:6:15
  |
6 | pub(crate) fn hash_to_point_binary(sc: &mut ShakeContext, logn: u32) -> Box<[u16]> {
  |               ^^^^^^^^^^^^^^^^^^^^

warning: function `hash_message_to_point_binary` is never used
  --> src/falcon/hash_to_point.rs:12:15
   |
12 | pub(crate) fn hash_message_to_point_binary(nonce: &[u8], message: &[u8], logn: u32) -> Box<[u16]> {
   |               ^^^^^^^^^^^^^^^^^^^^^^^^^^^^

warning: function `check_ortho_norm` is never used
   --> src/falcon/keygen.rs:103:4
    |
103 | fn check_ortho_norm(f: &[i16], g: &[i16], logn: u32) -> bool {
    |    ^^^^^^^^^^^^^^^^

warning: function `poly_small_mkgauss` is never used
   --> src/falcon/keygen.rs:174:4
    |
174 | fn poly_small_mkgauss(rng: &mut KeygenShake, logn: u32) -> Vec<i16> {
    |    ^^^^^^^^^^^^^^^^^^

warning: function `keygen_ref_from_shake` is never used
   --> src/falcon/keygen.rs:262:4
    |
262 | fn keygen_ref_from_shake<const LOGN: u32>(rng: &mut KeygenShake) -> Result<Keypair<LOGN>> {
    |    ^^^^^^^^^^^^^^^^^^^^^

warning: function `zeroize_ref_fpr` is never used
  --> src/falcon/sign_ref.rs:67:4
   |
67 | fn zeroize_ref_fpr(buf: &mut [Fpr]) {
   |    ^^^^^^^^^^^^^^^

warning: function `prepare_signing_key_bits_ref_into` is never used
   --> src/falcon/sign_ref.rs:261:15
    |
261 | pub(crate) fn prepare_signing_key_bits_ref_into<const LOGN: u32>(
    |               ^^^^^^^^^^^^^^^^^^^^^^^^^^^^^^^^^

warning: function `prepare_signing_key_bits_ref` is never used
   --> src/falcon/sign_ref.rs:282:15
    |
282 | pub(crate) fn prepare_signing_key_bits_ref<const LOGN: u32>(secret: &SecretKey<LOGN>) -> Vec<u64> {
    |               ^^^^^^^^^^^^^^^^^^^^^^^^^^^^

warning: function `verify_raw_binary` is never used
  --> src/falcon/verify.rs:29:4
   |
29 | fn verify_raw_binary(c0: &[u16], s2: &[i16], h_ntt: &[u16], logn: u32) -> bool {
   |    ^^^^^^^^^^^^^^^^^

warning: function `decode_signature_s2` is never used
  --> src/falcon/verify.rs:74:4
   |
74 | fn decode_signature_s2<const LOGN: u32>(sig_body: &[u8]) -> Result<Box<[i16]>> {
   |    ^^^^^^^^^^^^^^^^^^^

warning: function `poly_addconst` is never used
   --> src/math/fft.rs:101:15
    |
101 | pub(crate) fn poly_addconst(a: &mut [Fpr], x: Fpr, _logn: u32) {
    |               ^^^^^^^^^^^^^

warning: function `poly_addconst_fft` is never used
   --> src/math/fft.rs:105:15
    |
105 | pub(crate) fn poly_addconst_fft(a: &mut [Fpr], x: Fpr, logn: u32) {
    |               ^^^^^^^^^^^^^^^^^

warning: function `poly_adj` is never used
   --> src/math/fft.rs:134:15
    |
134 | pub(crate) fn poly_adj(a: &mut [Fpr], logn: u32) {
    |               ^^^^^^^^

warning: function `poly_sqr_fft` is never used
   --> src/math/fft.rs:168:15
    |
168 | pub(crate) fn poly_sqr_fft(a: &mut [Fpr], logn: u32) {
    |               ^^^^^^^^^^^^

warning: function `poly_inv_fft` is never used
   --> src/math/fft.rs:214:15
    |
214 | pub(crate) fn poly_inv_fft(a: &mut [Fpr], logn: u32) {
    |               ^^^^^^^^^^^^

warning: function `poly_divadj_fft` is never used
   --> src/math/fft.rs:239:15
    |
239 | pub(crate) fn poly_divadj_fft(a: &mut [Fpr], b: &[Fpr], logn: u32) {
    |               ^^^^^^^^^^^^^^^

warning: function `complex_sqr` is never used
   --> src/math/fft.rs:384:4
    |
384 | fn complex_sqr(a_re: Fpr, a_im: Fpr) -> (Fpr, Fpr) {
    |    ^^^^^^^^^^^

warning: function `complex_inv` is never used
   --> src/math/fft.rs:391:4
    |
391 | fn complex_inv(a_re: Fpr, a_im: Fpr) -> (Fpr, Fpr) {
    |    ^^^^^^^^^^^

warning: function `poly_addconst` is never used
   --> src/math/fft_soft.rs:100:15
    |
100 | pub(crate) fn poly_addconst(a: &mut [Fpr], x: Fpr, _logn: u32) {
    |               ^^^^^^^^^^^^^

warning: function `poly_addconst_fft` is never used
   --> src/math/fft_soft.rs:104:15
    |
104 | pub(crate) fn poly_addconst_fft(a: &mut [Fpr], x: Fpr, logn: u32) {
    |               ^^^^^^^^^^^^^^^^^

warning: function `poly_adj_fft` is never used
   --> src/math/fft_soft.rs:133:15
    |
133 | pub(crate) fn poly_adj_fft(a: &mut [Fpr], logn: u32) {
    |               ^^^^^^^^^^^^

warning: constant `FPR_P55` is never used
  --> src/math/fpr/ref_f64.rs:15:18
   |
15 | pub(crate) const FPR_P55: Fpr = Fpr::new(36_028_797_018_963_968.0);
   |                  ^^^^^^^

warning: constant `FPR_P64` is never used
  --> src/math/fpr/ref_f64.rs:17:18
   |
17 | pub(crate) const FPR_P64: Fpr = Fpr::new(18_446_744_073_709_552_000.0);
   |                  ^^^^^^^

warning: constant `FPR_W1R` is never used
  --> src/math/fpr/ref_f64.rs:19:18
   |
19 | pub(crate) const FPR_W1R: Fpr = Fpr::new(0.5);
   |                  ^^^^^^^

warning: constant `FPR_W1I` is never used
  --> src/math/fpr/ref_f64.rs:20:18
   |
20 | pub(crate) const FPR_W1I: Fpr = Fpr::new(0.866_025_403_784_438_6);
   |                  ^^^^^^^

warning: constant `FPR_W2R` is never used
  --> src/math/fpr/ref_f64.rs:21:18
   |
21 | pub(crate) const FPR_W2R: Fpr = Fpr::new(-0.5);
   |                  ^^^^^^^

warning: constant `FPR_W2I` is never used
  --> src/math/fpr/ref_f64.rs:22:18
   |
22 | pub(crate) const FPR_W2I: Fpr = Fpr::new(0.866_025_403_784_438_6);
   |                  ^^^^^^^

warning: constant `FPR_W4R` is never used
  --> src/math/fpr/ref_f64.rs:23:18
   |
23 | pub(crate) const FPR_W4R: Fpr = Fpr::new(-0.5);
   |                  ^^^^^^^

warning: constant `FPR_W4I` is never used
  --> src/math/fpr/ref_f64.rs:24:18
   |
24 | pub(crate) const FPR_W4I: Fpr = Fpr::new(-0.866_025_403_784_438_6);
   |                  ^^^^^^^

warning: constant `FPR_W5R` is never used
  --> src/math/fpr/ref_f64.rs:25:18
   |
25 | pub(crate) const FPR_W5R: Fpr = Fpr::new(0.5);
   |                  ^^^^^^^

warning: constant `FPR_W5I` is never used
  --> src/math/fpr/ref_f64.rs:26:18
   |
26 | pub(crate) const FPR_W5I: Fpr = Fpr::new(-0.866_025_403_784_438_6);
   |                  ^^^^^^^

warning: constant `FPR_IW1I` is never used
  --> src/math/fpr/ref_f64.rs:27:18
   |
27 | pub(crate) const FPR_IW1I: Fpr = Fpr::new(1.154_700_538_379_251_5);
   |                  ^^^^^^^^

warning: function `fpr` is never used
  --> src/math/fpr/ref_f64.rs:29:15
   |
29 | pub(crate) fn fpr(v: f64) -> Fpr {
   |               ^^^

warning: function `fpr_double` is never used
  --> src/math/fpr/ref_f64.rs:69:15
   |
69 | pub(crate) fn fpr_double(x: Fpr) -> Fpr {
   |               ^^^^^^^^^^

warning: function `fpr_max` is never used
  --> src/math/fpr/ref_f64.rs:93:15
   |
93 | pub(crate) fn fpr_max(x: Fpr, y: Fpr) -> Fpr {
   |               ^^^^^^^

warning: function `fpr_gauss` is never used
   --> src/math/fpr/ref_f64.rs:115:15
    |
115 | pub(crate) fn fpr_gauss(sigma: Fpr, a: u32, b: u32) -> (Fpr, Fpr) {
    |               ^^^^^^^^^

warning: constant `FPR_P63` is never used
  --> src/math/fpr/soft.rs:58:18
   |
58 | pub(crate) const FPR_P63: Fpr = Fpr::from_bits(0x43e0_0000_0000_0000);
   |                  ^^^^^^^

warning: constant `FPR_P64` is never used
  --> src/math/fpr/soft.rs:59:18
   |
59 | pub(crate) const FPR_P64: Fpr = Fpr::from_bits(0x43f0_0000_0000_0000);
   |                  ^^^^^^^

warning: constant `FPR_W1R` is never used
  --> src/math/fpr/soft.rs:61:18
   |
61 | pub(crate) const FPR_W1R: Fpr = Fpr::from_bits(0x3fe0_0000_0000_0000);
   |                  ^^^^^^^

warning: constant `FPR_W1I` is never used
  --> src/math/fpr/soft.rs:62:18
   |
62 | pub(crate) const FPR_W1I: Fpr = Fpr::from_bits(0x3feb_b67a_e858_4caa);
   |                  ^^^^^^^

warning: constant `FPR_W2R` is never used
  --> src/math/fpr/soft.rs:63:18
   |
63 | pub(crate) const FPR_W2R: Fpr = Fpr::from_bits(0xbfe0_0000_0000_0000);
   |                  ^^^^^^^

warning: constant `FPR_W2I` is never used
  --> src/math/fpr/soft.rs:64:18
   |
64 | pub(crate) const FPR_W2I: Fpr = Fpr::from_bits(0x3feb_b67a_e858_4caa);
   |                  ^^^^^^^

warning: constant `FPR_W4R` is never used
  --> src/math/fpr/soft.rs:65:18
   |
65 | pub(crate) const FPR_W4R: Fpr = Fpr::from_bits(0xbfe0_0000_0000_0000);
   |                  ^^^^^^^

warning: constant `FPR_W4I` is never used
  --> src/math/fpr/soft.rs:66:18
   |
66 | pub(crate) const FPR_W4I: Fpr = Fpr::from_bits(0xbfeb_b67a_e858_4caa);
   |                  ^^^^^^^

warning: constant `FPR_W5R` is never used
  --> src/math/fpr/soft.rs:67:18
   |
67 | pub(crate) const FPR_W5R: Fpr = Fpr::from_bits(0x3fe0_0000_0000_0000);
   |                  ^^^^^^^

warning: constant `FPR_W5I` is never used
  --> src/math/fpr/soft.rs:68:18
   |
68 | pub(crate) const FPR_W5I: Fpr = Fpr::from_bits(0xbfeb_b67a_e858_4caa);
   |                  ^^^^^^^

warning: constant `FPR_IW1I` is never used
  --> src/math/fpr/soft.rs:69:18
   |
69 | pub(crate) const FPR_IW1I: Fpr = Fpr::from_bits(0x3ff2_79a7_4590_331c);
   |                  ^^^^^^^^

warning: function `fpr_double` is never used
   --> src/math/fpr/soft.rs:445:15
    |
445 | pub(crate) fn fpr_double(x: Fpr) -> Fpr {
    |               ^^^^^^^^^^

warning: function `fpr_max` is never used
   --> src/math/fpr/soft.rs:524:15
    |
524 | pub(crate) fn fpr_max(x: Fpr, y: Fpr) -> Fpr {
    |               ^^^^^^^

warning: function `fpr_lt` is never used
   --> src/math/fpr/soft.rs:534:15
    |
534 | pub(crate) fn fpr_lt(x: Fpr, y: Fpr) -> bool {
    |               ^^^^^^

warning: constant `PRNG_CHACHA20_SSE2` is never used
 --> src/rng/prng.rs:8:11
  |
8 | pub const PRNG_CHACHA20_SSE2: i32 = 2;
  |           ^^^^^^^^^^^^^^^^^^

warning: constant `PRNG_AES_X86NI` is never used
 --> src/rng/prng.rs:9:11
  |
9 | pub const PRNG_AES_X86NI: i32 = 3;
  |           ^^^^^^^^^^^^^^

warning: methods `prng_type` and `get_bytes` are never used
  --> src/rng/prng.rs:46:12
   |
23 | impl Prng {
   | --------- methods in this implementation
...
46 |     pub fn prng_type(&self) -> i32 {
   |            ^^^^^^^^^
...
58 |     pub fn get_bytes(&mut self, mut dst: &mut [u8]) {
   |            ^^^^^^^^^

warning: constant `SHAKE128_CAPACITY` is never used
 --> src/rng/shake256.rs:6:11
  |
6 | pub const SHAKE128_CAPACITY: usize = 256;
  |           ^^^^^^^^^^^^^^^^^

warning: associated functions `shake128` and `digest` are never used
   --> src/rng/shake256.rs:58:12
    |
 46 | impl ShakeContext {
    | ----------------- associated functions in this implementation
...
 58 |     pub fn shake128() -> Self {
    |            ^^^^^^^^
...
153 |     pub fn digest(capacity: usize, input: &[u8], out: &mut [u8]) {
    |            ^^^^^^

warning: `falcon2017` (lib) generated 62 warnings
    Finished `release` profile [optimized] target(s) in 0.33s
     Running `target/release/ct_timing --out-dir artifacts/timing-runs/c1-ct-timing-long-20260424T080636Z --samples-per-class 16384 --expand-batch 8 --sign-batch 8`
